DEBUG:Chroma:Logger created
DEBUG:Chroma:Index not found
DEBUG:Chroma:Index saved to .chroma/index/index.bin
DEBUG:Chroma:Index saved to .chroma/index/index.bin
WARNING:root:Created a chunk of size 1455, which is longer than the specified 1100
DEBUG:Chroma:Index saved to .chroma/index/index.bin
DEBUG:Chroma:Logger created
DEBUG:Chroma:Logger created
DEBUG:Chroma:Logger created
DEBUG:Chroma:Logger created
DEBUG:Chroma:Logger created
DEBUG:Chroma:Index not found
DEBUG:Chroma:Index saved to .chroma/index/index.bin
DEBUG:Chroma:Index saved to .chroma/index/index.bin
WARNING:root:Created a chunk of size 1455, which is longer than the specified 1100
DEBUG:Chroma:Index saved to .chroma/index/index.bin
DEBUG:Chroma:Logger created
DEBUG:Chroma:Index not found
DEBUG:Chroma:Index saved to .chroma/index/index.bin
DEBUG:Chroma:Index saved to .chroma/index/index.bin
WARNING:root:Created a chunk of size 1455, which is longer than the specified 1000
DEBUG:Chroma:Index saved to .chroma/index/index.bin
DEBUG:Chroma:time to pre process our knn query: 4.291534423828125e-06
DEBUG:Chroma:time to run knn query: 0.0003814697265625
DEBUG:Chroma:Logger created
DEBUG:Chroma:Index not found
DEBUG:Chroma:Index saved to .chroma/index/index.bin
DEBUG:Chroma:Index saved to .chroma/index/index.bin
WARNING:root:Created a chunk of size 1455, which is longer than the specified 1000
DEBUG:Chroma:Index saved to .chroma/index/index.bin
DEBUG:Chroma:time to pre process our knn query: 3.337860107421875e-06
DEBUG:Chroma:time to run knn query: 0.000308990478515625
DEBUG:Chroma:Logger created
DEBUG:Chroma:Logger created
DEBUG:Chroma:Logger created
DEBUG:Chroma:Logger created
DEBUG:Chroma:Logger created
DEBUG:Chroma:Logger created
DEBUG:Chroma:Logger created
DEBUG:Chroma:Logger created
DEBUG:Chroma:Logger created
DEBUG:Chroma:Logger created
DEBUG:Chroma:Logger created
DEBUG:Chroma:Logger created
DEBUG:Chroma:Logger created
DEBUG:Chroma:Logger created
