DEBUG:Chroma:Logger created
DEBUG:Chroma:Logger created
DEBUG:Chroma:Logger created
DEBUG:Chroma:Logger created
DEBUG:Chroma:Logger created
DEBUG:Chroma:Logger created
DEBUG:Chroma:Logger created
DEBUG:Chroma:Logger created
DEBUG:Chroma:Logger created
DEBUG:Chroma:Logger created
DEBUG:Chroma:Logger created
DEBUG:Chroma:Logger created
DEBUG:Chroma:Index not found
DEBUG:Chroma:Index saved to .chroma/index/index.bin
DEBUG:Chroma:Index saved to .chroma/index/index.bin
DEBUG:Chroma:Index saved to .chroma/index/index.bin
DEBUG:Chroma:Index saved to .chroma/index/index.bin
DEBUG:Chroma:Index saved to .chroma/index/index.bin
DEBUG:Chroma:Index saved to .chroma/index/index.bin
DEBUG:Chroma:Index saved to .chroma/index/index.bin
DEBUG:Chroma:Index saved to .chroma/index/index.bin
DEBUG:Chroma:Index saved to .chroma/index/index.bin
DEBUG:Chroma:Index saved to .chroma/index/index.bin
DEBUG:Chroma:Index saved to .chroma/index/index.bin
DEBUG:Chroma:Index saved to .chroma/index/index.bin
DEBUG:Chroma:Index saved to .chroma/index/index.bin
DEBUG:Chroma:Index saved to .chroma/index/index.bin
DEBUG:Chroma:Index saved to .chroma/index/index.bin
DEBUG:Chroma:Index saved to .chroma/index/index.bin
DEBUG:Chroma:Index saved to .chroma/index/index.bin
DEBUG:Chroma:time to pre process our knn query: 3.337860107421875e-06
DEBUG:Chroma:time to run knn query: 0.0006251335144042969
DEBUG:Chroma:Logger created
DEBUG:Chroma:Index not found
DEBUG:Chroma:Index saved to .chroma/index/index.bin
DEBUG:Chroma:Index saved to .chroma/index/index.bin
DEBUG:Chroma:Index saved to .chroma/index/index.bin
DEBUG:Chroma:Index saved to .chroma/index/index.bin
DEBUG:Chroma:Index saved to .chroma/index/index.bin
DEBUG:Chroma:Index saved to .chroma/index/index.bin
DEBUG:Chroma:Index saved to .chroma/index/index.bin
DEBUG:Chroma:Index saved to .chroma/index/index.bin
DEBUG:Chroma:Index saved to .chroma/index/index.bin
DEBUG:Chroma:Index saved to .chroma/index/index.bin
DEBUG:Chroma:Index saved to .chroma/index/index.bin
DEBUG:Chroma:Index saved to .chroma/index/index.bin
DEBUG:Chroma:Index saved to .chroma/index/index.bin
DEBUG:Chroma:Index saved to .chroma/index/index.bin
DEBUG:Chroma:Index saved to .chroma/index/index.bin
DEBUG:Chroma:Index saved to .chroma/index/index.bin
DEBUG:Chroma:Index saved to .chroma/index/index.bin
DEBUG:Chroma:time to pre process our knn query: 3.0994415283203125e-06
DEBUG:Chroma:time to run knn query: 0.00035858154296875
DEBUG:Chroma:Logger created
DEBUG:Chroma:Index not found
DEBUG:Chroma:Index saved to .chroma/index/index.bin
DEBUG:Chroma:Index saved to .chroma/index/index.bin
DEBUG:Chroma:Index saved to .chroma/index/index.bin
DEBUG:Chroma:Index saved to .chroma/index/index.bin
DEBUG:Chroma:Index saved to .chroma/index/index.bin
DEBUG:Chroma:Index saved to .chroma/index/index.bin
DEBUG:Chroma:Index saved to .chroma/index/index.bin
DEBUG:Chroma:Index saved to .chroma/index/index.bin
DEBUG:Chroma:Index saved to .chroma/index/index.bin
DEBUG:Chroma:Index saved to .chroma/index/index.bin
DEBUG:Chroma:Index saved to .chroma/index/index.bin
DEBUG:Chroma:Index saved to .chroma/index/index.bin
DEBUG:Chroma:Index saved to .chroma/index/index.bin
DEBUG:Chroma:Index saved to .chroma/index/index.bin
DEBUG:Chroma:Index saved to .chroma/index/index.bin
DEBUG:Chroma:Index saved to .chroma/index/index.bin
DEBUG:Chroma:time to pre process our knn query: 3.814697265625e-06
DEBUG:Chroma:time to run knn query: 0.00040984153747558594
DEBUG:Chroma:Logger created
DEBUG:Chroma:Index not found
DEBUG:Chroma:Index saved to .chroma/index/index.bin
DEBUG:Chroma:Index saved to .chroma/index/index.bin
DEBUG:Chroma:Index saved to .chroma/index/index.bin
DEBUG:Chroma:Index saved to .chroma/index/index.bin
DEBUG:Chroma:Index saved to .chroma/index/index.bin
DEBUG:Chroma:Index saved to .chroma/index/index.bin
DEBUG:Chroma:Index saved to .chroma/index/index.bin
DEBUG:Chroma:Index saved to .chroma/index/index.bin
DEBUG:Chroma:Index saved to .chroma/index/index.bin
DEBUG:Chroma:Index saved to .chroma/index/index.bin
DEBUG:Chroma:Index saved to .chroma/index/index.bin
DEBUG:Chroma:Index saved to .chroma/index/index.bin
DEBUG:Chroma:Index saved to .chroma/index/index.bin
DEBUG:Chroma:Index saved to .chroma/index/index.bin
DEBUG:Chroma:Index saved to .chroma/index/index.bin
DEBUG:Chroma:Index saved to .chroma/index/index.bin
DEBUG:Chroma:Index saved to .chroma/index/index.bin
DEBUG:Chroma:time to pre process our knn query: 9.5367431640625e-07
DEBUG:Chroma:time to run knn query: 0.00012636184692382812
DEBUG:Chroma:Logger created
